Game 0:
Game Start. Map: Pod Local time: 1610682902.620.52s	Gold Queen Lives: 4
4.23s	Gold Berries in: 1
8.91s	Gold Berries in: 2
11.22s	Gold Berries in: 3
12.97s	Blue Berries in: 1
20.76s	Gold Berries in: 4
24.07s	Blue Berries in: 2
32.91s	Gold Berries in: 5
35.73s	Gold Berries in: 6
39.47s	Gold Berries in: 7
53.56s	Gold Berries in: 8
60.06s	Gold Berries in: 9
93.26s	Blue Queen Lives: 2
113.93s	Blue Queen Lives: 1
114.88s	Gold Berries in: 10
122.77s	Gold Berries in: 11
138.75s	Blue Queen Lives: 0
138.75s	Game Over. Gold wins!  Condition: Military
Game 1:
Game Start. Map: BQK Local time: 1610683068.770.53s	Blue Queen Lives: 4
0.53s	Gold Queen Lives: 4
3.61s	Blue Berries in: 1
3.61s	Gold Berries in: 1
7.18s	Blue Berries in: 2
9.64s	Gold Queen Lives: 0
9.64s	Game Over. Blue wins!  Condition: Military
Game 2:
Game Start. Map: Pod Local time: 1610683126.410.48s	Gold Queen Lives: 4
3.65s	Blue Berries in: 1
4.14s	Gold Berries in: 1
6.85s	Blue Berries in: 2
7.31s	Gold Berries in: 2
11.55s	Blue Berries in: 3
12.05s	Blue Berries in: 4
14.36s	Blue Berries in: 5
33.13s	Blue Queen Lives: 2
34.48s	Blue Berries in: 6
41.88s	Gold Queen Lives: 0
41.88s	Game Over. Blue wins!  Condition: Military
Game 3:
Game Start. Map: BQK Local time: 1610683228.950.53s	Blue Queen Lives: 4
0.53s	Gold Queen Lives: 4
3.08s	Blue Berries in: 1
5.12s	Gold Berries in: 1
6.65s	Blue Berries in: 2
7.15s	Gold Berries in: 2
10.19s	Blue Berries in: 3
13.22s	Blue Berries in: 4
16.64s	Gold Berries in: 3
19.7s	Gold Berries in: 4
22.27s	Gold Berries in: 5
33.85s	Gold Berries in: 6
36.85s	Gold Berries in: 7
44.83s	Blue Berries in: 5
52.32s	Blue Berries in: 6
54.34s	Gold Berries in: 8
65.26s	Gold Berries in: 9
67.25s	Blue Queen Lives: 0
67.25s	Game Over. Gold wins!  Condition: Military
Game 4:
Game Start. Map: Split Local time: 1610683330.160.52s	Blue Queen Lives: 4
0.52s	Gold Queen Lives: 4
2.62s	Gold Berries in: 1
8.33s	Gold Berries in: 2
9.41s	Gold Berries in: 4
10.46s	Blue Berries in: 1
13.06s	Gold Berries in: 5
14.1s	Blue Berries in: 2
15.67s	Gold Berries in: 7
18.77s	Blue Berries in: 3
23.93s	Blue Berries in: 4
23.93s	Gold Berries in: 8
29.97s	Blue Berries in: 5
33.48s	Blue Berries in: 6
39.04s	Blue Berries in: 7
42.55s	Gold Berries in: 9
47.12s	Blue Berries in: 8
49.61s	Gold Berries in: 10
55.1s	Blue Berries in: 9
61.53s	Blue Berries in: 10
88.9s	Gold Berries in: 11
92.37s	Blue Berries in: 11
100.79s	Gold Queen Lives: 0
100.79s	Game Over. Blue wins!  Condition: Military
