Game 0:
Game Start. Map: Split Local time: 1610680764.250.54s	Blue Queen Lives: 4
0.54s	Gold Queen Lives: 4
4.68s	Gold Berries in: 1
10.87s	Blue Berries in: 1
10.87s	Gold Berries in: 3
14.45s	Blue Berries in: 2
19.54s	Gold Berries in: 4
20.06s	Gold Berries in: 5
31.26s	Gold Berries in: 6
32.76s	Blue Berries in: 3
33.28s	Gold Berries in: 7
41.41s	Gold Berries in: 8
46.99s	Gold Berries in: 9
65.13s	Gold Queen Lives: 0
65.13s	Game Over. Blue wins!  Condition: Military
Game 1:
Game Start. Map: Pod Local time: 1610680856.060.5s	Gold Queen Lives: 4
14.58s	Gold Berries in: 1
21.67s	Gold Berries in: 2
25.95s	Blue Berries in: 1
28.35s	Gold Berries in: 3
31.69s	Gold Berries in: 4
32.17s	Gold Berries in: 5
34.54s	Blue Queen Lives: 2
34.54s	Gold Berries in: 6
35.92s	Gold Queen Lives: 0
35.92s	Game Over. Blue wins!  Condition: Military
Game 2:
Game Start. Map: Split Local time: 1610680933.740.53s	Blue Queen Lives: 4
0.53s	Gold Queen Lives: 4
4.55s	Blue Berries in: 2
4.55s	Gold Berries in: 1
7.56s	Blue Berries in: 3
8.56s	Blue Berries in: 4
9.07s	Gold Berries in: 2
10.57s	Blue Berries in: 5
14.0s	Gold Berries in: 3
16.93s	Blue Berries in: 6
20.85s	Blue Berries in: 7
33.09s	Blue Berries in: 8
35.55s	Gold Berries in: 4
38.53s	Blue Berries in: 9
42.49s	Blue Berries in: 10
44.47s	Gold Queen Lives: 0
44.47s	Game Over. Blue wins!  Condition: Military
