Game 0:
Game Start. Map: BQK Local time: 1610680357.20.53s	Blue Queen Lives: 4
0.53s	Gold Queen Lives: 4
2.6s	Gold Berries in: 1
4.19s	Blue Berries in: 1
5.3s	Gold Berries in: 2
5.86s	Blue Berries in: 2
16.03s	Blue Queen Lives: 0
16.03s	Game Over. Gold wins!  Condition: Military
Game 1:
Game Start. Map: BQK Local time: 1610680433.00.52s	Blue Queen Lives: 4
0.52s	Gold Queen Lives: 4
8.88s	Blue Berries in: 1
11.48s	Blue Queen Lives: 0
11.48s	Game Over. Gold wins!  Condition: Military
Game 2:
Game Start. Map: Nest Local time: 1610680479.3929.25s	Gold Queen Lives: 2
34.54s	Blue Queen Lives: 2
39.32s	Gold Berries in: 1
39.84s	Blue Berries in: 1
40.36s	Gold Queen Lives: 1
55.54s	Blue Berries in: 2
81.69s	Blue Berries in: 3
118.8s	Blue Queen Lives: 0
118.8s	Game Over. Gold wins!  Condition: Military
