Game 0:
Game Start. Map: Tally Local time: 1610681376.976.59s	Blue Berries in: 1
10.1s	Blue Berries in: 2
11.1s	Blue Berries in: 3
11.61s	Gold Berries in: 1
14.63s	Gold Berries in: 2
19.61s	Blue Berries in: 5
27.18s	Blue Berries in: 6
30.69s	Blue Berries in: 7
33.73s	Gold Berries in: 3
37.29s	Blue Berries in: 8
38.77s	Blue Berries in: 9
38.77s	Gold Berries in: 4
41.79s	Blue Queen Lives: 2
42.29s	Blue Berries in: 10
42.29s	Gold Berries in: 5
47.84s	Gold Berries in: 6
56.88s	Gold Queen Lives: 2
61.9s	Gold Queen Lives: 1
62.42s	Gold Berries in: 7
70.49s	Blue Berries in: 11
75.93s	Gold Berries in: 8
83.01s	Gold Queen Lives: 0
83.01s	Game Over. Blue wins!  Condition: Military
Game 1:
Game Start. Map: BQK Local time: 1610681487.870.51s	Blue Queen Lives: 4
0.51s	Gold Queen Lives: 4
7.66s	Gold Berries in: 1
11.17s	Gold Berries in: 2
13.71s	Gold Berries in: 3
16.64s	Gold Berries in: 4
25.51s	Blue Berries in: 1
26.0s	Gold Berries in: 5
30.47s	Gold Berries in: 6
38.94s	Blue Berries in: 2
40.89s	Gold Berries in: 7
42.92s	Gold Berries in: 8
52.36s	Gold Queen Lives: 0
52.36s	Game Over. Blue wins!  Condition: Military
Game 2:
Game Start. Map: Helix Local time: 1610681583.035.09s	Gold Berries in: 1
6.09s	Gold Berries in: 2
13.49s	Blue Berries in: 1
13.98s	Blue Berries in: 2
14.47s	Blue Queen Lives: 2
20.46s	Gold Berries in: 3
22.9s	Gold Berries in: 4
24.41s	Gold Berries in: 5
33.41s	Gold Berries in: 6
37.36s	Gold Berries in: 7
38.33s	Blue Berries in: 3
38.85s	Blue Berries in: 4
41.41s	Gold Queen Lives: 2
44.44s	Blue Berries in: 5
50.47s	Blue Berries in: 6
57.06s	Gold Queen Lives: 1
57.58s	Gold Berries in: 8
58.59s	Blue Berries in: 7
63.68s	Blue Berries in: 8
69.71s	Blue Berries in: 9
76.71s	Gold Berries in: 9
85.65s	Blue Queen Lives: 1
91.57s	Blue Berries in: 10
101.11s	Blue Berries in: 11
111.11s	Gold Queen Lives: 0
111.11s	Game Over. Blue wins!  Condition: Military
