Game 0:
Game Start. Map: Spire Local time: 1610682340.10.54s	Blue Queen Lives: 4
0.54s	Gold Queen Lives: 4
5.19s	Gold Berries in: 1
7.75s	Gold Berries in: 2
9.82s	Blue Queen Lives: 0
9.82s	Game Over. Gold wins!  Condition: Military
Game 1:
Game Start. Map: BQK Local time: 1610682401.070.54s	Blue Queen Lives: 4
0.54s	Gold Queen Lives: 4
4.62s	Gold Berries in: 1
10.2s	Gold Berries in: 2
22.83s	Gold Berries in: 3
25.89s	Gold Berries in: 4
35.39s	Blue Queen Lives: 0
35.39s	Game Over. Gold wins!  Condition: Military
Game 2:
Game Start. Map: Tally Local time: 1610682464.919.76s	Gold Berries in: 1
13.83s	Blue Berries in: 1
16.35s	Gold Berries in: 2
19.43s	Gold Berries in: 3
24.59s	Gold Queen Lives: 2
28.18s	Gold Berries in: 4
33.24s	Gold Berries in: 5
33.76s	Gold Berries in: 6
41.41s	Gold Berries in: 7
46.42s	Gold Queen Lives: 1
47.4s	Gold Berries in: 8
76.01s	Blue Berries in: 2
89.31s	Blue Berries in: 3
95.93s	Gold Berries in: 9
111.39s	Gold Berries in: 10
113.38s	Blue Queen Lives: 2
114.45s	Gold Queen Lives: 0
114.45s	Game Over. Blue wins!  Condition: Military
Game 3:
Game Start. Map: BQK Local time: 1610682606.790.55s	Blue Queen Lives: 4
0.55s	Gold Queen Lives: 4
5.39s	Gold Berries in: 1
10.54s	Gold Berries in: 2
30.07s	Gold Berries in: 3
31.59s	Blue Queen Lives: 0
31.59s	Game Over. Gold wins!  Condition: Military
