Game 0:
Game Start. Map: Helix Local time: 1610681823.944.64s	Blue Berries in: 1
6.73s	Blue Berries in: 2
7.24s	Blue Queen Lives: 2
14.31s	Gold Berries in: 1
16.37s	Gold Berries in: 2
18.44s	Blue Queen Lives: 1
18.95s	Blue Berries in: 3
19.47s	Gold Berries in: 3
28.71s	Gold Berries in: 4
40.35s	Blue Queen Lives: 0
40.35s	Game Over. Gold wins!  Condition: Military
Game 1:
Game Start. Map: BQK Local time: 1610681890.950.54s	Blue Queen Lives: 4
0.54s	Gold Queen Lives: 4
5.2s	Gold Berries in: 1
9.82s	Gold Berries in: 2
10.82s	Gold Berries in: 3
28.03s	Gold Berries in: 4
34.07s	Gold Berries in: 5
60.51s	Gold Berries in: 6
67.07s	Blue Berries in: 1
68.63s	Gold Berries in: 7
71.67s	Gold Berries in: 8
78.92s	Gold Queen Lives: 0
78.92s	Game Over. Blue wins!  Condition: Military
Game 2:
Game Start. Map: Helix Local time: 1610682009.111.39s	Blue Queen Lives: 2
13.94s	Blue Berries in: 1
28.83s	Gold Berries in: 1
35.5s	Blue Queen Lives: 1
42.54s	Gold Queen Lives: 2
46.58s	Blue Queen Lives: 0
46.58s	Game Over. Gold wins!  Condition: Military
Game 3:
Game Start. Map: BQK Local time: 1610682083.870.55s	Blue Queen Lives: 4
0.55s	Gold Queen Lives: 4
3.18s	Gold Queen Lives: 0
3.18s	Game Over. Blue wins!  Condition: Military
Game 4:
Game Start. Map: Spire Local time: 1610682150.410.53s	Blue Queen Lives: 4
0.53s	Gold Queen Lives: 4
11.39s	Gold Berries in: 1
21.23s	Gold Berries in: 2
32.79s	Gold Berries in: 3
56.02s	Gold Berries in: 4
59.04s	Gold Queen Lives: 0
59.04s	Game Over. Blue wins!  Condition: Military
