Game 0:
Game Start. Map: Spire Local time: 1610678337.20.5s	Blue Queen Lives: 4
0.5s	Gold Queen Lives: 4
6.52s	Gold Queen Lives: 0
6.52s	Game Over. Blue wins!  Condition: Military
Game 1:
Game Start. Map: Split Local time: 1610678425.350.49s	Blue Queen Lives: 4
0.49s	Gold Queen Lives: 4
4.43s	Blue Berries in: 1
4.92s	Gold Berries in: 1
10.29s	Blue Berries in: 2
21.47s	Blue Berries in: 3
22.95s	Blue Berries in: 4
24.42s	Blue Berries in: 5
25.39s	Gold Berries in: 2
26.84s	Gold Berries in: 3
27.32s	Blue Berries in: 6
43.51s	Gold Berries in: 4
44.92s	Blue Berries in: 7
46.8s	Gold Berries in: 5
58.67s	Gold Berries in: 6
68.3s	Gold Berries in: 7
72.65s	Gold Berries in: 8
81.72s	Gold Berries in: 9
85.09s	Gold Berries in: 10
89.91s	Blue Berries in: 8
91.88s	Gold Berries in: 11
95.75s	Blue Berries in: 9
111.6s	Gold Queen Lives: 0
111.6s	Game Over. Blue wins!  Condition: Military
Game 2:
Game Start. Map: Helix Local time: 1610678562.361.93s	Blue Berries in: 1
2.93s	Gold Berries in: 1
4.46s	Blue Berries in: 2
5.94s	Gold Berries in: 2
7.42s	Blue Berries in: 3
9.39s	Gold Berries in: 4
9.88s	Blue Queen Lives: 2
11.81s	Gold Berries in: 5
12.79s	Gold Berries in: 6
14.76s	Blue Berries in: 4
15.24s	Gold Berries in: 7
16.71s	Blue Berries in: 5
18.18s	Gold Berries in: 8
19.16s	Gold Berries in: 9
22.57s	Blue Berries in: 6
25.59s	Blue Berries in: 7
25.59s	Gold Berries in: 10
29.62s	Gold Queen Lives: 2
38.06s	Blue Berries in: 8
39.09s	Gold Queen Lives: 1
42.06s	Blue Berries in: 9
46.01s	Blue Berries in: 10
49.03s	Blue Queen Lives: 1
54.48s	Blue Queen Lives: 0
54.48s	Game Over. Gold wins!  Condition: Military
Game 3:
Game Start. Map: Pod Local time: 1610678642.520.48s	Gold Queen Lives: 4
3.7s	Blue Berries in: 1
4.16s	Blue Berries in: 2
7.44s	Blue Berries in: 3
12.14s	Gold Berries in: 1
15.81s	Blue Berries in: 4
18.09s	Gold Queen Lives: 0
18.09s	Game Over. Blue wins!  Condition: Military
