Game 0:
Game Start. Map: Tally Local time: 1610677287.933.43s	Gold Berries in: 1
3.92s	Blue Berries in: 1
4.9s	Blue Berries in: 2
6.84s	Gold Berries in: 2
13.68s	Blue Queen Lives: 2
16.11s	Gold Berries in: 3
18.48s	Blue Berries in: 3
20.97s	Gold Berries in: 4
21.47s	Gold Queen Lives: 2
21.96s	Gold Berries in: 5
22.43s	Gold Berries in: 6
24.83s	Gold Berries in: 7
26.32s	Gold Queen Lives: 1
26.32s	Gold Berries in: 8
31.94s	Gold Berries in: 9
40.36s	Blue Berries in: 4
49.69s	Blue Berries in: 5
54.8s	Blue Queen Lives: 1
61.35s	Blue Queen Lives: 0
61.35s	Game Over. Gold wins!  Condition: Military
Game 1:
Game Start. Map: Nest Local time: 1610677374.693.48s	Blue Queen Lives: 2
19.02s	Gold Queen Lives: 2
33.97s	Blue Queen Lives: 0
33.97s	Game Over. Gold wins!  Condition: Military
Game 2:
Game Start. Map: Helix Local time: 1610677434.912.39s	Blue Berries in: 1
2.88s	Gold Berries in: 1
4.39s	Gold Berries in: 2
4.87s	Blue Berries in: 2
5.35s	Blue Queen Lives: 2
6.34s	Gold Berries in: 3
8.78s	Gold Berries in: 4
9.75s	Gold Berries in: 5
10.26s	Gold Berries in: 6
12.69s	Blue Berries in: 3
20.45s	Blue Berries in: 4
23.36s	Blue Berries in: 5
25.76s	Blue Berries in: 6
25.76s	Gold Berries in: 7
33.6s	Blue Queen Lives: 1
41.77s	Blue Berries in: 7
44.75s	Gold Queen Lives: 2
45.25s	Gold Berries in: 8
52.64s	Blue Berries in: 8
56.03s	Blue Queen Lives: 0
56.03s	Game Over. Gold wins!  Condition: Military
