Game 0:
Game Start. Map: Tally Local time: 1610677921.332.47s	Blue Berries in: 1
3.46s	Gold Berries in: 1
8.94s	Gold Berries in: 2
9.43s	Blue Berries in: 2
17.34s	Blue Berries in: 3
23.24s	Blue Berries in: 4
24.25s	Gold Queen Lives: 2
27.7s	Blue Berries in: 5
29.7s	Blue Queen Lives: 2
31.64s	Gold Berries in: 3
33.12s	Gold Berries in: 4
33.61s	Gold Berries in: 5
35.57s	Blue Berries in: 6
40.54s	Blue Berries in: 7
53.75s	Blue Berries in: 8
57.72s	Gold Berries in: 6
60.2s	Gold Berries in: 7
61.66s	Blue Berries in: 9
66.51s	Blue Berries in: 10
67.97s	Gold Queen Lives: 1
67.97s	Gold Berries in: 8
72.27s	Blue Berries in: 11
78.1s	Gold Queen Lives: 0
78.1s	Game Over. Blue wins!  Condition: Military
Game 1:
Game Start. Map: BQK Local time: 1610678024.280.51s	Blue Queen Lives: 4
0.51s	Gold Queen Lives: 4
7.46s	Gold Queen Lives: 0
7.46s	Game Over. Blue wins!  Condition: Military
Game 2:
Game Start. Map: Spire Local time: 1610678238.560.52s	Blue Queen Lives: 4
0.52s	Gold Queen Lives: 4
32.52s	Gold Queen Lives: 0
32.52s	Game Over. Blue wins!  Condition: Military
