Game 0:
Game Start. Map: Spire Local time: 1610677576.930.51s	Blue Queen Lives: 4
0.51s	Gold Queen Lives: 4
1.48s	Gold Queen Lives: 0
1.48s	Game Over. Blue wins!  Condition: Military
Game 1:
Game Start. Map: Pod Local time: 1610677637.540.47s	Gold Queen Lives: 4
2.29s	Gold Berries in: 1
5.04s	Blue Berries in: 1
8.7s	Blue Berries in: 2
37.5s	Blue Queen Lives: 2
54.62s	Blue Queen Lives: 1
65.68s	Blue Queen Lives: 0
65.68s	Game Over. Gold wins!  Condition: Military
Game 2:
Game Start. Map: Tally Local time: 1610677729.739.78s	Gold Berries in: 1
10.27s	Gold Berries in: 2
10.75s	Gold Berries in: 3
19.92s	Gold Queen Lives: 2
20.4s	Gold Berries in: 4
24.27s	Gold Queen Lives: 1
24.27s	Gold Berries in: 5
32.39s	Blue Queen Lives: 2
49.56s	Gold Queen Lives: 0
49.56s	Game Over. Blue wins!  Condition: Military
Game 3:
Game Start. Map: Split Local time: 1610677804.550.52s	Blue Queen Lives: 4
0.52s	Gold Queen Lives: 4
4.48s	Blue Berries in: 1
4.96s	Gold Berries in: 1
5.93s	Blue Berries in: 2
6.91s	Blue Berries in: 3
7.4s	Gold Berries in: 2
12.75s	Blue Berries in: 4
13.73s	Gold Berries in: 3
15.15s	Blue Berries in: 5
20.91s	Gold Berries in: 4
23.29s	Blue Berries in: 6
23.77s	Gold Berries in: 5
25.68s	Blue Berries in: 7
29.44s	Blue Berries in: 8
30.39s	Blue Berries in: 9
34.69s	Blue Berries in: 10
35.18s	Blue Berries in: 11
37.07s	Gold Berries in: 6
41.8s	Blue Berries in: 12
41.8s	Game Over. Blue wins!  Condition: Economy
